[2025-10-04 17:12:24] local.ERROR: Please install the suggested Algolia client: algolia/algoliasearch-client-php. {"exception":"[object] (Exception(code: 0): Please install the suggested Algolia client: algolia/algoliasearch-client-php. at C:\\Users\\user\\Documents\\introductie-project-youtube\\Source\\youtube\\vendor\\laravel\\scout\\src\\EngineManager.php:93)
[stacktrace]
#0 C:\\Users\\user\\Documents\\introductie-project-youtube\\Source\\youtube\\vendor\\laravel\\scout\\src\\EngineManager.php(41): Laravel\\Scout\\EngineManager->ensureAlgoliaClientIsInstalled()
#1 C:\\Users\\user\\Documents\\introductie-project-youtube\\Source\\youtube\\vendor\\laravel\\framework\\src\\Illuminate\\Support\\Manager.php(106): Laravel\\Scout\\EngineManager->createAlgoliaDriver()
#2 C:\\Users\\user\\Documents\\introductie-project-youtube\\Source\\youtube\\vendor\\laravel\\framework\\src\\Illuminate\\Support\\Manager.php(80): Illuminate\\Support\\Manager->createDriver()
#3 C:\\Users\\user\\Documents\\introductie-project-youtube\\Source\\youtube\\vendor\\laravel\\scout\\src\\EngineManager.php(31): Illuminate\\Support\\Manager->driver()
#4 C:\\Users\\user\\Documents\\introductie-project-youtube\\Source\\youtube\\vendor\\laravel\\scout\\src\\Searchable.php(397): Laravel\\Scout\\EngineManager->engine()
#5 C:\\Users\\user\\Documents\\introductie-project-youtube\\Source\\youtube\\vendor\\laravel\\scout\\src\\Searchable.php(91): App\\Models\\User->searchableUsing()
#6 C:\\Users\\user\\Documents\\introductie-project-youtube\\Source\\youtube\\vendor\\laravel\\scout\\src\\Searchable.php(71): App\\Models\\User->syncMakeSearchable()
#7 C:\\Users\\user\\Documents\\introductie-project-youtube\\Source\\youtube\\vendor\\laravel\\scout\\src\\Searchable.php(42): App\\Models\\User->queueMakeSearchable()
#8 C:\\Users\\user\\Documents\\introductie-project-youtube\\Source\\youtube\\vendor\\laravel\\framework\\src\\Illuminate\\Macroable\\Traits\\Macroable.php(126): Illuminate\\Database\\Eloquent\\Collection->{closure:Laravel\\Scout\\Searchable::registerSearchableMacros():41}()
#9 C:\\Users\\user\\Documents\\introductie-project-youtube\\Source\\youtube\\vendor\\laravel\\scout\\src\\Searchable.php(221): Illuminate\\Support\\Collection->__call()
#10 C:\\Users\\user\\Documents\\introductie-project-youtube\\Source\\youtube\\vendor\\laravel\\scout\\src\\ModelObserver.php(109): App\\Models\\User->searchable()
#11 C:\\Users\\user\\Documents\\introductie-project-youtube\\Source\\youtube\\vendor\\laravel\\framework\\src\\Illuminate\\Events\\Dispatcher.php(480): Laravel\\Scout\\ModelObserver->saved()
#12 C:\\Users\\user\\Documents\\introductie-project-youtube\\Source\\youtube\\vendor\\laravel\\framework\\src\\Illuminate\\Events\\Dispatcher.php(287): Illuminate\\Events\\Dispatcher->{closure:Illuminate\\Events\\Dispatcher::createClassListener():473}()
#13 C:\\Users\\user\\Documents\\introductie-project-youtube\\Source\\youtube\\vendor\\laravel\\framework\\src\\Illuminate\\Events\\Dispatcher.php(267): Illuminate\\Events\\Dispatcher->invokeListeners()
#14 C:\\Users\\user\\Documents\\introductie-project-youtube\\Source\\youtube\\vendor\\laravel\\framework\\src\\Illuminate\\Database\\Eloquent\\Concerns\\HasEvents.php(224): Illuminate\\Events\\Dispatcher->dispatch()
#15 C:\\Users\\user\\Documents\\introductie-project-youtube\\Source\\youtube\\vendor\\laravel\\framework\\src\\Illuminate\\Database\\Eloquent\\Model.php(1203): Illuminate\\Database\\Eloquent\\Model->fireModelEvent()
#16 C:\\Users\\user\\Documents\\introductie-project-youtube\\Source\\youtube\\vendor\\laravel\\framework\\src\\Illuminate\\Database\\Eloquent\\Model.php(1176): Illuminate\\Database\\Eloquent\\Model->finishSave()
#17 C:\\Users\\user\\Documents\\introductie-project-youtube\\Source\\youtube\\vendor\\laravel\\framework\\src\\Illuminate\\Database\\Eloquent\\Factories\\Factory.php(352): Illuminate\\Database\\Eloquent\\Model->save()
#18 C:\\Users\\user\\Documents\\introductie-project-youtube\\Source\\youtube\\vendor\\laravel\\framework\\src\\Illuminate\\Collections\\Traits\\EnumeratesValues.php(261): Illuminate\\Database\\Eloquent\\Factories\\Factory->{closure:Illuminate\\Database\\Eloquent\\Factories\\Factory::store():347}()
#19 C:\\Users\\user\\Documents\\introductie-project-youtube\\Source\\youtube\\vendor\\laravel\\framework\\src\\Illuminate\\Database\\Eloquent\\Factories\\Factory.php(347): Illuminate\\Support\\Collection->each()
#20 C:\\Users\\user\\Documents\\introductie-project-youtube\\Source\\youtube\\vendor\\laravel\\framework\\src\\Illuminate\\Database\\Eloquent\\Factories\\Factory.php(303): Illuminate\\Database\\Eloquent\\Factories\\Factory->store()
#21 C:\\Users\\user\\Documents\\introductie-project-youtube\\Source\\youtube\\vendor\\laravel\\framework\\src\\Illuminate\\Database\\Eloquent\\Factories\\Factory.php(297): Illuminate\\Database\\Eloquent\\Factories\\Factory->create()
#22 C:\\Users\\user\\Documents\\introductie-project-youtube\\Source\\youtube\\database\\seeders\\DatabaseSeeder.php(18): Illuminate\\Database\\Eloquent\\Factories\\Factory->create()
#23 C:\\Users\\user\\Documents\\introductie-project-youtube\\Source\\youtube\\vendor\\laravel\\framework\\src\\Illuminate\\Container\\BoundMethod.php(36): Database\\Seeders\\DatabaseSeeder->run()
#24 C:\\Users\\user\\Documents\\introductie-project-youtube\\Source\\youtube\\vendor\\laravel\\framework\\src\\Illuminate\\Container\\Util.php(43): Illuminate\\Container\\BoundMethod::{closure:Illuminate\\Container\\BoundMethod::call():35}()
#25 C:\\Users\\user\\Documents\\introductie-project-youtube\\Source\\youtube\\vendor\\laravel\\framework\\src\\Illuminate\\Container\\BoundMethod.php(96): Illuminate\\Container\\Util::unwrapIfClosure()
#26 C:\\Users\\user\\Documents\\introductie-project-youtube\\Source\\youtube\\vendor\\laravel\\framework\\src\\Illuminate\\Container\\BoundMethod.php(35): Illuminate\\Container\\BoundMethod::callBoundMethod()
#27 C:\\Users\\user\\Documents\\introductie-project-youtube\\Source\\youtube\\vendor\\laravel\\framework\\src\\Illuminate\\Container\\Container.php(754): Illuminate\\Container\\BoundMethod::call()
#28 C:\\Users\\user\\Documents\\introductie-project-youtube\\Source\\youtube\\vendor\\laravel\\framework\\src\\Illuminate\\Database\\Seeder.php(188): Illuminate\\Container\\Container->call()
#29 C:\\Users\\user\\Documents\\introductie-project-youtube\\Source\\youtube\\vendor\\laravel\\framework\\src\\Illuminate\\Database\\Seeder.php(197): Illuminate\\Database\\Seeder->{closure:Illuminate\\Database\\Seeder::__invoke():187}()
#30 C:\\Users\\user\\Documents\\introductie-project-youtube\\Source\\youtube\\vendor\\laravel\\framework\\src\\Illuminate\\Database\\Console\\Seeds\\SeedCommand.php(70): Illuminate\\Database\\Seeder->__invoke()
#31 C:\\Users\\user\\Documents\\introductie-project-youtube\\Source\\youtube\\vendor\\laravel\\framework\\src\\Illuminate\\Database\\Eloquent\\Concerns\\GuardsAttributes.php(155): Illuminate\\Database\\Console\\Seeds\\SeedCommand->{closure:Illuminate\\Database\\Console\\Seeds\\SeedCommand::handle():69}()
#32 C:\\Users\\user\\Documents\\introductie-project-youtube\\Source\\youtube\\vendor\\laravel\\framework\\src\\Illuminate\\Database\\Console\\Seeds\\SeedCommand.php(69): Illuminate\\Database\\Eloquent\\Model::unguarded()
#33 C:\\Users\\user\\Documents\\introductie-project-youtube\\Source\\youtube\\vendor\\laravel\\framework\\src\\Illuminate\\Container\\BoundMethod.php(36): Illuminate\\Database\\Console\\Seeds\\SeedCommand->handle()
#34 C:\\Users\\user\\Documents\\introductie-project-youtube\\Source\\youtube\\vendor\\laravel\\framework\\src\\Illuminate\\Container\\Util.php(43): Illuminate\\Container\\BoundMethod::{closure:Illuminate\\Container\\BoundMethod::call():35}()
#35 C:\\Users\\user\\Documents\\introductie-project-youtube\\Source\\youtube\\vendor\\laravel\\framework\\src\\Illuminate\\Container\\BoundMethod.php(96): Illuminate\\Container\\Util::unwrapIfClosure()
#36 C:\\Users\\user\\Documents\\introductie-project-youtube\\Source\\youtube\\vendor\\laravel\\framework\\src\\Illuminate\\Container\\BoundMethod.php(35): Illuminate\\Container\\BoundMethod::callBoundMethod()
#37 C:\\Users\\user\\Documents\\introductie-project-youtube\\Source\\youtube\\vendor\\laravel\\framework\\src\\Illuminate\\Container\\Container.php(754): Illuminate\\Container\\BoundMethod::call()
#38 C:\\Users\\user\\Documents\\introductie-project-youtube\\Source\\youtube\\vendor\\laravel\\framework\\src\\Illuminate\\Console\\Command.php(213): Illuminate\\Container\\Container->call()
#39 C:\\Users\\user\\Documents\\introductie-project-youtube\\Source\\youtube\\vendor\\symfony\\console\\Command\\Command.php(279): Illuminate\\Console\\Command->execute()
#40 C:\\Users\\user\\Documents\\introductie-project-youtube\\Source\\youtube\\vendor\\laravel\\framework\\src\\Illuminate\\Console\\Command.php(182): Symfony\\Component\\Console\\Command\\Command->run()
#41 C:\\Users\\user\\Documents\\introductie-project-youtube\\Source\\youtube\\vendor\\laravel\\framework\\src\\Illuminate\\Console\\Concerns\\CallsCommands.php(68): Illuminate\\Console\\Command->run()
#42 C:\\Users\\user\\Documents\\introductie-project-youtube\\Source\\youtube\\vendor\\laravel\\framework\\src\\Illuminate\\Console\\Concerns\\CallsCommands.php(29): Illuminate\\Console\\Command->runCommand()
#43 C:\\Users\\user\\Documents\\introductie-project-youtube\\Source\\youtube\\vendor\\laravel\\framework\\src\\Illuminate\\Database\\Console\\Migrations\\FreshCommand.php(122): Illuminate\\Console\\Command->call()
#44 C:\\Users\\user\\Documents\\introductie-project-youtube\\Source\\youtube\\vendor\\laravel\\framework\\src\\Illuminate\\Database\\Console\\Migrations\\FreshCommand.php(98): Illuminate\\Database\\Console\\Migrations\\FreshCommand->runSeeder()
#45 C:\\Users\\user\\Documents\\introductie-project-youtube\\Source\\youtube\\vendor\\laravel\\framework\\src\\Illuminate\\Container\\BoundMethod.php(36): Illuminate\\Database\\Console\\Migrations\\FreshCommand->handle()
#46 C:\\Users\\user\\Documents\\introductie-project-youtube\\Source\\youtube\\vendor\\laravel\\framework\\src\\Illuminate\\Container\\Util.php(43): Illuminate\\Container\\BoundMethod::{closure:Illuminate\\Container\\BoundMethod::call():35}()
#47 C:\\Users\\user\\Documents\\introductie-project-youtube\\Source\\youtube\\vendor\\laravel\\framework\\src\\Illuminate\\Container\\BoundMethod.php(96): Illuminate\\Container\\Util::unwrapIfClosure()
#48 C:\\Users\\user\\Documents\\introductie-project-youtube\\Source\\youtube\\vendor\\laravel\\framework\\src\\Illuminate\\Container\\BoundMethod.php(35): Illuminate\\Container\\BoundMethod::callBoundMethod()
#49 C:\\Users\\user\\Documents\\introductie-project-youtube\\Source\\youtube\\vendor\\laravel\\framework\\src\\Illuminate\\Container\\Container.php(754): Illuminate\\Container\\BoundMethod::call()
#50 C:\\Users\\user\\Documents\\introductie-project-youtube\\Source\\youtube\\vendor\\laravel\\framework\\src\\Illuminate\\Console\\Command.php(213): Illuminate\\Container\\Container->call()
#51 C:\\Users\\user\\Documents\\introductie-project-youtube\\Source\\youtube\\vendor\\symfony\\console\\Command\\Command.php(279): Illuminate\\Console\\Command->execute()
#52 C:\\Users\\user\\Documents\\introductie-project-youtube\\Source\\youtube\\vendor\\laravel\\framework\\src\\Illuminate\\Console\\Command.php(182): Symfony\\Component\\Console\\Command\\Command->run()
#53 C:\\Users\\user\\Documents\\introductie-project-youtube\\Source\\youtube\\vendor\\symfony\\console\\Application.php(1094): Illuminate\\Console\\Command->run()
#54 C:\\Users\\user\\Documents\\introductie-project-youtube\\Source\\youtube\\vendor\\symfony\\console\\Application.php(342): Symfony\\Component\\Console\\Application->doRunCommand()
#55 C:\\Users\\user\\Documents\\introductie-project-youtube\\Source\\youtube\\vendor\\symfony\\console\\Application.php(193): Symfony\\Component\\Console\\Application->doRun()
#56 C:\\Users\\user\\Documents\\introductie-project-youtube\\Source\\youtube\\vendor\\laravel\\framework\\src\\Illuminate\\Foundation\\Console\\Kernel.php(198): Symfony\\Component\\Console\\Application->run()
#57 C:\\Users\\user\\Documents\\introductie-project-youtube\\Source\\youtube\\vendor\\laravel\\framework\\src\\Illuminate\\Foundation\\Application.php(1235): Illuminate\\Foundation\\Console\\Kernel->handle()
#58 C:\\Users\\user\\Documents\\introductie-project-youtube\\Source\\youtube\\artisan(16): Illuminate\\Foundation\\Application->handleCommand()
#59 {main}
"} 
[2025-10-04 17:13:21] local.ERROR: Impossible to connect, please check your Algolia Application Id. {"exception":"[object] (Algolia\\AlgoliaSearch\\Exceptions\\UnreachableException(code: 0): Impossible to connect, please check your Algolia Application Id. at C:\\Users\\user\\Documents\\introductie-project-youtube\\Source\\youtube\\vendor\\algolia\\algoliasearch-client-php\\src\\RetryStrategy\\ApiWrapper.php:196)
[stacktrace]
#0 C:\\Users\\user\\Documents\\introductie-project-youtube\\Source\\youtube\\vendor\\algolia\\algoliasearch-client-php\\src\\RetryStrategy\\ApiWrapper.php(100): Algolia\\AlgoliaSearch\\RetryStrategy\\ApiWrapper->request()
#1 C:\\Users\\user\\Documents\\introductie-project-youtube\\Source\\youtube\\vendor\\algolia\\algoliasearch-client-php\\src\\SearchIndex.php(298): Algolia\\AlgoliaSearch\\RetryStrategy\\ApiWrapper->write()
#2 C:\\Users\\user\\Documents\\introductie-project-youtube\\Source\\youtube\\vendor\\algolia\\algoliasearch-client-php\\src\\SearchIndex.php(338): Algolia\\AlgoliaSearch\\SearchIndex->rawBatch()
#3 C:\\Users\\user\\Documents\\introductie-project-youtube\\Source\\youtube\\vendor\\algolia\\algoliasearch-client-php\\src\\SearchIndex.php(183): Algolia\\AlgoliaSearch\\SearchIndex->splitIntoBatches()
#4 C:\\Users\\user\\Documents\\introductie-project-youtube\\Source\\youtube\\vendor\\laravel\\scout\\src\\Engines\\Algolia3Engine.php(94): Algolia\\AlgoliaSearch\\SearchIndex->saveObjects()
#5 C:\\Users\\user\\Documents\\introductie-project-youtube\\Source\\youtube\\vendor\\laravel\\scout\\src\\Searchable.php(91): Laravel\\Scout\\Engines\\Algolia3Engine->update()
#6 C:\\Users\\user\\Documents\\introductie-project-youtube\\Source\\youtube\\vendor\\laravel\\scout\\src\\Searchable.php(71): App\\Models\\User->syncMakeSearchable()
#7 C:\\Users\\user\\Documents\\introductie-project-youtube\\Source\\youtube\\vendor\\laravel\\scout\\src\\Searchable.php(42): App\\Models\\User->queueMakeSearchable()
#8 C:\\Users\\user\\Documents\\introductie-project-youtube\\Source\\youtube\\vendor\\laravel\\framework\\src\\Illuminate\\Macroable\\Traits\\Macroable.php(126): Illuminate\\Database\\Eloquent\\Collection->{closure:Laravel\\Scout\\Searchable::registerSearchableMacros():41}()
#9 C:\\Users\\user\\Documents\\introductie-project-youtube\\Source\\youtube\\vendor\\laravel\\scout\\src\\Searchable.php(221): Illuminate\\Support\\Collection->__call()
#10 C:\\Users\\user\\Documents\\introductie-project-youtube\\Source\\youtube\\vendor\\laravel\\scout\\src\\ModelObserver.php(109): App\\Models\\User->searchable()
#11 C:\\Users\\user\\Documents\\introductie-project-youtube\\Source\\youtube\\vendor\\laravel\\framework\\src\\Illuminate\\Events\\Dispatcher.php(480): Laravel\\Scout\\ModelObserver->saved()
#12 C:\\Users\\user\\Documents\\introductie-project-youtube\\Source\\youtube\\vendor\\laravel\\framework\\src\\Illuminate\\Events\\Dispatcher.php(287): Illuminate\\Events\\Dispatcher->{closure:Illuminate\\Events\\Dispatcher::createClassListener():473}()
#13 C:\\Users\\user\\Documents\\introductie-project-youtube\\Source\\youtube\\vendor\\laravel\\framework\\src\\Illuminate\\Events\\Dispatcher.php(267): Illuminate\\Events\\Dispatcher->invokeListeners()
#14 C:\\Users\\user\\Documents\\introductie-project-youtube\\Source\\youtube\\vendor\\laravel\\framework\\src\\Illuminate\\Database\\Eloquent\\Concerns\\HasEvents.php(224): Illuminate\\Events\\Dispatcher->dispatch()
#15 C:\\Users\\user\\Documents\\introductie-project-youtube\\Source\\youtube\\vendor\\laravel\\framework\\src\\Illuminate\\Database\\Eloquent\\Model.php(1203): Illuminate\\Database\\Eloquent\\Model->fireModelEvent()
#16 C:\\Users\\user\\Documents\\introductie-project-youtube\\Source\\youtube\\vendor\\laravel\\framework\\src\\Illuminate\\Database\\Eloquent\\Model.php(1176): Illuminate\\Database\\Eloquent\\Model->finishSave()
#17 C:\\Users\\user\\Documents\\introductie-project-youtube\\Source\\youtube\\vendor\\laravel\\framework\\src\\Illuminate\\Database\\Eloquent\\Factories\\Factory.php(352): Illuminate\\Database\\Eloquent\\Model->save()
#18 C:\\Users\\user\\Documents\\introductie-project-youtube\\Source\\youtube\\vendor\\laravel\\framework\\src\\Illuminate\\Collections\\Traits\\EnumeratesValues.php(261): Illuminate\\Database\\Eloquent\\Factories\\Factory->{closure:Illuminate\\Database\\Eloquent\\Factories\\Factory::store():347}()
#19 C:\\Users\\user\\Documents\\introductie-project-youtube\\Source\\youtube\\vendor\\laravel\\framework\\src\\Illuminate\\Database\\Eloquent\\Factories\\Factory.php(347): Illuminate\\Support\\Collection->each()
#20 C:\\Users\\user\\Documents\\introductie-project-youtube\\Source\\youtube\\vendor\\laravel\\framework\\src\\Illuminate\\Database\\Eloquent\\Factories\\Factory.php(303): Illuminate\\Database\\Eloquent\\Factories\\Factory->store()
#21 C:\\Users\\user\\Documents\\introductie-project-youtube\\Source\\youtube\\vendor\\laravel\\framework\\src\\Illuminate\\Database\\Eloquent\\Factories\\Factory.php(297): Illuminate\\Database\\Eloquent\\Factories\\Factory->create()
#22 C:\\Users\\user\\Documents\\introductie-project-youtube\\Source\\youtube\\database\\seeders\\DatabaseSeeder.php(18): Illuminate\\Database\\Eloquent\\Factories\\Factory->create()
#23 C:\\Users\\user\\Documents\\introductie-project-youtube\\Source\\youtube\\vendor\\laravel\\framework\\src\\Illuminate\\Container\\BoundMethod.php(36): Database\\Seeders\\DatabaseSeeder->run()
#24 C:\\Users\\user\\Documents\\introductie-project-youtube\\Source\\youtube\\vendor\\laravel\\framework\\src\\Illuminate\\Container\\Util.php(43): Illuminate\\Container\\BoundMethod::{closure:Illuminate\\Container\\BoundMethod::call():35}()
#25 C:\\Users\\user\\Documents\\introductie-project-youtube\\Source\\youtube\\vendor\\laravel\\framework\\src\\Illuminate\\Container\\BoundMethod.php(96): Illuminate\\Container\\Util::unwrapIfClosure()
#26 C:\\Users\\user\\Documents\\introductie-project-youtube\\Source\\youtube\\vendor\\laravel\\framework\\src\\Illuminate\\Container\\BoundMethod.php(35): Illuminate\\Container\\BoundMethod::callBoundMethod()
#27 C:\\Users\\user\\Documents\\introductie-project-youtube\\Source\\youtube\\vendor\\laravel\\framework\\src\\Illuminate\\Container\\Container.php(754): Illuminate\\Container\\BoundMethod::call()
#28 C:\\Users\\user\\Documents\\introductie-project-youtube\\Source\\youtube\\vendor\\laravel\\framework\\src\\Illuminate\\Database\\Seeder.php(188): Illuminate\\Container\\Container->call()
#29 C:\\Users\\user\\Documents\\introductie-project-youtube\\Source\\youtube\\vendor\\laravel\\framework\\src\\Illuminate\\Database\\Seeder.php(197): Illuminate\\Database\\Seeder->{closure:Illuminate\\Database\\Seeder::__invoke():187}()
#30 C:\\Users\\user\\Documents\\introductie-project-youtube\\Source\\youtube\\vendor\\laravel\\framework\\src\\Illuminate\\Database\\Console\\Seeds\\SeedCommand.php(70): Illuminate\\Database\\Seeder->__invoke()
#31 C:\\Users\\user\\Documents\\introductie-project-youtube\\Source\\youtube\\vendor\\laravel\\framework\\src\\Illuminate\\Database\\Eloquent\\Concerns\\GuardsAttributes.php(155): Illuminate\\Database\\Console\\Seeds\\SeedCommand->{closure:Illuminate\\Database\\Console\\Seeds\\SeedCommand::handle():69}()
#32 C:\\Users\\user\\Documents\\introductie-project-youtube\\Source\\youtube\\vendor\\laravel\\framework\\src\\Illuminate\\Database\\Console\\Seeds\\SeedCommand.php(69): Illuminate\\Database\\Eloquent\\Model::unguarded()
#33 C:\\Users\\user\\Documents\\introductie-project-youtube\\Source\\youtube\\vendor\\laravel\\framework\\src\\Illuminate\\Container\\BoundMethod.php(36): Illuminate\\Database\\Console\\Seeds\\SeedCommand->handle()
#34 C:\\Users\\user\\Documents\\introductie-project-youtube\\Source\\youtube\\vendor\\laravel\\framework\\src\\Illuminate\\Container\\Util.php(43): Illuminate\\Container\\BoundMethod::{closure:Illuminate\\Container\\BoundMethod::call():35}()
#35 C:\\Users\\user\\Documents\\introductie-project-youtube\\Source\\youtube\\vendor\\laravel\\framework\\src\\Illuminate\\Container\\BoundMethod.php(96): Illuminate\\Container\\Util::unwrapIfClosure()
#36 C:\\Users\\user\\Documents\\introductie-project-youtube\\Source\\youtube\\vendor\\laravel\\framework\\src\\Illuminate\\Container\\BoundMethod.php(35): Illuminate\\Container\\BoundMethod::callBoundMethod()
#37 C:\\Users\\user\\Documents\\introductie-project-youtube\\Source\\youtube\\vendor\\laravel\\framework\\src\\Illuminate\\Container\\Container.php(754): Illuminate\\Container\\BoundMethod::call()
#38 C:\\Users\\user\\Documents\\introductie-project-youtube\\Source\\youtube\\vendor\\laravel\\framework\\src\\Illuminate\\Console\\Command.php(213): Illuminate\\Container\\Container->call()
#39 C:\\Users\\user\\Documents\\introductie-project-youtube\\Source\\youtube\\vendor\\symfony\\console\\Command\\Command.php(279): Illuminate\\Console\\Command->execute()
#40 C:\\Users\\user\\Documents\\introductie-project-youtube\\Source\\youtube\\vendor\\laravel\\framework\\src\\Illuminate\\Console\\Command.php(182): Symfony\\Component\\Console\\Command\\Command->run()
#41 C:\\Users\\user\\Documents\\introductie-project-youtube\\Source\\youtube\\vendor\\laravel\\framework\\src\\Illuminate\\Console\\Concerns\\CallsCommands.php(68): Illuminate\\Console\\Command->run()
#42 C:\\Users\\user\\Documents\\introductie-project-youtube\\Source\\youtube\\vendor\\laravel\\framework\\src\\Illuminate\\Console\\Concerns\\CallsCommands.php(29): Illuminate\\Console\\Command->runCommand()
#43 C:\\Users\\user\\Documents\\introductie-project-youtube\\Source\\youtube\\vendor\\laravel\\framework\\src\\Illuminate\\Database\\Console\\Migrations\\FreshCommand.php(122): Illuminate\\Console\\Command->call()
#44 C:\\Users\\user\\Documents\\introductie-project-youtube\\Source\\youtube\\vendor\\laravel\\framework\\src\\Illuminate\\Database\\Console\\Migrations\\FreshCommand.php(98): Illuminate\\Database\\Console\\Migrations\\FreshCommand->runSeeder()
#45 C:\\Users\\user\\Documents\\introductie-project-youtube\\Source\\youtube\\vendor\\laravel\\framework\\src\\Illuminate\\Container\\BoundMethod.php(36): Illuminate\\Database\\Console\\Migrations\\FreshCommand->handle()
#46 C:\\Users\\user\\Documents\\introductie-project-youtube\\Source\\youtube\\vendor\\laravel\\framework\\src\\Illuminate\\Container\\Util.php(43): Illuminate\\Container\\BoundMethod::{closure:Illuminate\\Container\\BoundMethod::call():35}()
#47 C:\\Users\\user\\Documents\\introductie-project-youtube\\Source\\youtube\\vendor\\laravel\\framework\\src\\Illuminate\\Container\\BoundMethod.php(96): Illuminate\\Container\\Util::unwrapIfClosure()
#48 C:\\Users\\user\\Documents\\introductie-project-youtube\\Source\\youtube\\vendor\\laravel\\framework\\src\\Illuminate\\Container\\BoundMethod.php(35): Illuminate\\Container\\BoundMethod::callBoundMethod()
#49 C:\\Users\\user\\Documents\\introductie-project-youtube\\Source\\youtube\\vendor\\laravel\\framework\\src\\Illuminate\\Container\\Container.php(754): Illuminate\\Container\\BoundMethod::call()
#50 C:\\Users\\user\\Documents\\introductie-project-youtube\\Source\\youtube\\vendor\\laravel\\framework\\src\\Illuminate\\Console\\Command.php(213): Illuminate\\Container\\Container->call()
#51 C:\\Users\\user\\Documents\\introductie-project-youtube\\Source\\youtube\\vendor\\symfony\\console\\Command\\Command.php(279): Illuminate\\Console\\Command->execute()
#52 C:\\Users\\user\\Documents\\introductie-project-youtube\\Source\\youtube\\vendor\\laravel\\framework\\src\\Illuminate\\Console\\Command.php(182): Symfony\\Component\\Console\\Command\\Command->run()
#53 C:\\Users\\user\\Documents\\introductie-project-youtube\\Source\\youtube\\vendor\\symfony\\console\\Application.php(1094): Illuminate\\Console\\Command->run()
#54 C:\\Users\\user\\Documents\\introductie-project-youtube\\Source\\youtube\\vendor\\symfony\\console\\Application.php(342): Symfony\\Component\\Console\\Application->doRunCommand()
#55 C:\\Users\\user\\Documents\\introductie-project-youtube\\Source\\youtube\\vendor\\symfony\\console\\Application.php(193): Symfony\\Component\\Console\\Application->doRun()
#56 C:\\Users\\user\\Documents\\introductie-project-youtube\\Source\\youtube\\vendor\\laravel\\framework\\src\\Illuminate\\Foundation\\Console\\Kernel.php(198): Symfony\\Component\\Console\\Application->run()
#57 C:\\Users\\user\\Documents\\introductie-project-youtube\\Source\\youtube\\vendor\\laravel\\framework\\src\\Illuminate\\Foundation\\Application.php(1235): Illuminate\\Foundation\\Console\\Kernel->handle()
#58 C:\\Users\\user\\Documents\\introductie-project-youtube\\Source\\youtube\\artisan(16): Illuminate\\Foundation\\Application->handleCommand()
#59 {main}
"} 
